<?xml version="1.0" encoding="UTF-8"?>
<testsuite name="TestMyBedReader" tests="6" skipped="0" failures="0" errors="0" timestamp="2021-04-09T16:08:56" hostname="DESKTOP-LLH0EC7" time="0.141">
  <properties/>
  <testcase name="testFindWithIndex1" classname="TestMyBedReader" time="0.045"/>
  <testcase name="testFindWithIndex2" classname="TestMyBedReader" time="0.015"/>
  <testcase name="testFindWithIndex3" classname="TestMyBedReader" time="0.01"/>
  <testcase name="testFindWithIndex4" classname="TestMyBedReader" time="0.009"/>
  <testcase name="testFindWithIndex5" classname="TestMyBedReader" time="0.011"/>
  <testcase name="testReadAndWriteIndex" classname="TestMyBedReader" time="0.01"/>
  <system-out><![CDATA[]]></system-out>
  <system-err><![CDATA[]]></system-err>
</testsuite>
